<?xml version="1.0" encoding="UTF-8"?>
<testng-results skipped="0" failed="0" ignored="0" total="1" passed="1">
  <reporter-output>
  </reporter-output>
  <suite name="Default suite" duration-ms="51337" started-at="2019-07-26T06:38:51Z" finished-at="2019-07-26T06:39:42Z">
    <groups>
    </groups>
    <test name="Default test" duration-ms="51337" started-at="2019-07-26T06:38:51Z" finished-at="2019-07-26T06:39:42Z">
      <class name="com.qait.mobile_Automation.NewTest">
        <test-method status="PASS" signature="setUp()[pri:0, instance:com.qait.mobile_Automation.NewTest@598067a5]" name="setUp" is-config="true" duration-ms="30602" started-at="2019-07-26T06:38:51Z" finished-at="2019-07-26T06:39:21Z">
          <reporter-output>
          </reporter-output>
        </test-method> <!-- setUp -->
        <test-method status="PASS" signature="test()[pri:0, instance:com.qait.mobile_Automation.NewTest@598067a5]" name="test" duration-ms="15749" started-at="2019-07-26T06:39:21Z" finished-at="2019-07-26T06:39:37Z">
          <reporter-output>
          </reporter-output>
        </test-method> <!-- test -->
        <test-method status="PASS" signature="qait()[pri:0, instance:com.qait.mobile_Automation.NewTest@598067a5]" name="qait" is-config="true" duration-ms="4843" started-at="2019-07-26T06:39:37Z" finished-at="2019-07-26T06:39:42Z">
          <reporter-output>
          </reporter-output>
        </test-method> <!-- qait -->
      </class> <!-- com.qait.mobile_Automation.NewTest -->
    </test> <!-- Default test -->
  </suite> <!-- Default suite -->
</testng-results>
